[main] INFO  ebanking  - URL is opened
[main] INFO  ebanking  - URL is opened
[main] INFO  ebanking  - Username entered
[main] INFO  ebanking  - Password entered
[main] INFO  ebanking  - Button clicked
[main] INFO  ebanking  - Passed
[main] INFO  ebanking  - URL is opened
[main] INFO  ebanking  - Username entered
[main] INFO  ebanking  - Password entered
[main] INFO  ebanking  - Button clicked
[main] INFO  ebanking  - Passed
[main] INFO  ebanking  - URL is opened
[main] INFO  ebanking  - Username entered
[main] INFO  ebanking  - Password entered
[main] INFO  ebanking  - Button clicked
[main] INFO  ebanking  - URL is opened
[main] INFO  ebanking  - Username entered
[main] INFO  ebanking  - Password entered
[main] INFO  ebanking  - Button clicked
[main] INFO  ebanking  - URL is opened
[main] INFO  ebanking  - Username entered
[main] INFO  ebanking  - Password entered
[main] INFO  ebanking  - Button clicked
[main] INFO  ebanking  - Passed
[main] INFO  ebanking  - URL is opened
[main] INFO  ebanking  - Username entered
[main] INFO  ebanking  - Password entered
[main] INFO  ebanking  - Button clicked
[main] INFO  ebanking  - Passed
[main] INFO  ebanking  - URL is opened
[main] INFO  ebanking  - Username entered
[main] INFO  ebanking  - Password entered
[main] INFO  ebanking  - Button clicked
[main] INFO  ebanking  - Passed
[main] INFO  ebanking  - URL is opened
[main] INFO  ebanking  - Username entered
[main] INFO  ebanking  - Password entered
[main] INFO  ebanking  - Button clicked
[main] INFO  ebanking  - User name is provided
[main] INFO  ebanking  - Password provided
[main] INFO  ebanking  - User name is provided
[main] INFO  ebanking  - Password provided
[main] INFO  ebanking  - User name is provided
[main] INFO  ebanking  - Password provided
[main] INFO  ebanking  - User name is provided
[main] INFO  ebanking  - Password provided
[main] INFO  ebanking  - User name is provided
[main] INFO  ebanking  - Password provided
[main] INFO  ebanking  - Login passed
[main] INFO  ebanking  - URL is opened
[main] INFO  ebanking  - Username entered
[main] INFO  ebanking  - Password entered
[main] INFO  ebanking  - Button clicked
